[    0.000000] Linux version 4.15.0-212-generic (buildd@lcy02-amd64-083) (gcc version 7.5.0 (Ubuntu 7.5.0-3ubuntu1~18.04)) #223-Ubuntu SMP Tue May 23 13:09:22 UTC 2023 (Ubuntu 4.15.0-212.223-generic 4.15.18)
[    0.000000] Command line: BOOT_IMAGE=/boot/vmlinuz-4.15.0-212-generic root=LABEL=cloudimg-rootfs ro console=tty1 console=ttyS0
[    0.000000] KERNEL supported cpus:
[    0.000000]   Intel GenuineIntel
[    0.000000]   AMD AuthenticAMD
[    0.000000]   Centaur CentaurHauls
[    0.000000] x86/fpu: x87 FPU will use FXSAVE
[    0.000000] e820: BIOS-provided physical RAM map:
[    0.000000] BIOS-e820: [mem 0x0000000000000000-0x000000000009fbff] usable
[    0.000000] BIOS-e820: [mem 0x000000000009fc00-0x000000000009ffff] reserved
[    0.000000] BIOS-e820: [mem 0x00000000000f0000-0x00000000000fffff] reserved
[    0.000000] BIOS-e820: [mem 0x0000000000100000-0x000000007ffeffff] usable
[    0.000000] BIOS-e820: [mem 0x000000007fff0000-0x000000007fffffff] ACPI data
[    0.000000] BIOS-e820: [mem 0x00000000fec00000-0x00000000fec00fff] reserved
[    0.000000] BIOS-e820: [mem 0x00000000fee00000-0x00000000fee00fff] reserved
[    0.000000] BIOS-e820: [mem 0x00000000fffc0000-0x00000000ffffffff] reserved
[    0.000000] NX (Execute Disable) protection: active
[    0.000000] SMBIOS 2.5 present.
[    0.000000] DMI: innotek GmbH VirtualBox/VirtualBox, BIOS VirtualBox 12/01/2006
[    0.000000] Hypervisor detected: KVM
[    0.000000] e820: last_pfn = 0x7fff0 max_arch_pfn = 0x400000000
[    0.000000] MTRR: Disabled
[    0.000000] x86/PAT: MTRRs disabled, skipping PAT initialization too.
[    0.000000] CPU MTRRs all blank - virtualized system.
[    0.000000] x86/PAT: Configuration [0-7]: WB  WT  UC- UC  WB  WT  UC- UC  
[    0.000000] found SMP MP-table at [mem 0x0009fff0-0x0009ffff]
[    0.000000] Scanning 1 areas for low memory corruption
[    0.000000] RAMDISK: [mem 0x359cb000-0x36cdcfff]
[    0.000000] ACPI: Early table checksum verification disabled
[    0.000000] ACPI: RSDP 0x00000000000E0000 000024 (v02 VBOX  )
[    0.000000] ACPI: XSDT 0x000000007FFF0030 00003C (v01 VBOX   VBOXXSDT 00000001 ASL  00000061)
[    0.000000] ACPI: FACP 0x000000007FFF00F0 0000F4 (v04 VBOX   VBOXFACP 00000001 ASL  00000061)
[    0.000000] ACPI: DSDT 0x000000007FFF0610 002353 (v02 VBOX   VBOXBIOS 00000002 INTL 20100528)
[    0.000000] ACPI: FACS 0x000000007FFF0200 000040
[    0.000000] ACPI: FACS 0x000000007FFF0200 000040
[    0.000000] ACPI: APIC 0x000000007FFF0240 00005C (v02 VBOX   VBOXAPIC 00000001 ASL  00000061)
[    0.000000] ACPI: SSDT 0x000000007FFF02A0 00036C (v01 VBOX   VBOXCPUT 00000002 INTL 20100528)
[    0.000000] ACPI: Reserving FACP table memory at [mem 0x7fff00f0-0x7fff01e3]
[    0.000000] ACPI: Reserving DSDT table memory at [mem 0x7fff0610-0x7fff2962]
[    0.000000] ACPI: Reserving FACS table memory at [mem 0x7fff0200-0x7fff023f]
[    0.000000] ACPI: Reserving FACS table memory at [mem 0x7fff0200-0x7fff023f]
[    0.000000] ACPI: Reserving APIC table memory at [mem 0x7fff0240-0x7fff029b]
[    0.000000] ACPI: Reserving SSDT table memory at [mem 0x7fff02a0-0x7fff060b]
[    0.000000] No NUMA configuration found
[    0.000000] Faking a node at [mem 0x0000000000000000-0x000000007ffeffff]
[    0.000000] NODE_DATA(0) allocated [mem 0x7ffc5000-0x7ffeffff]
[    0.000000] kvm-clock: cpu 0, msr 0:7ff44001, primary cpu clock
[    0.000000] kvm-clock: Using msrs 4b564d01 and 4b564d00
[    0.000000] kvm-clock: using sched offset of 4665082558 cycles
[    0.000000] clocksource: kvm-clock: mask: 0xffffffffffffffff max_cycles: 0x1cd42e4dffb, max_idle_ns: 881590591483 ns
[    0.000000] Zone ranges:
[    0.000000]   DMA      [mem 0x0000000000001000-0x0000000000ffffff]
[    0.000000]   DMA32    [mem 0x0000000001000000-0x000000007ffeffff]
[    0.000000]   Normal   empty
[    0.000000]   Device   empty
[    0.000000] Movable zone start for each node
[    0.000000] Early memory node ranges
[    0.000000]   node   0: [mem 0x0000000000001000-0x000000000009efff]
[    0.000000]   node   0: [mem 0x0000000000100000-0x000000007ffeffff]
[    0.000000] Reserved but unavailable: 104 pages
[    0.000000] Initmem setup node 0 [mem 0x0000000000001000-0x000000007ffeffff]
[    0.000000] ACPI: PM-Timer IO Port: 0x4008
[    0.000000] IOAPIC[0]: apic_id 2, version 32, address 0xfec00000, GSI 0-23
[    0.000000] ACPI: INT_SRC_OVR (bus 0 bus_irq 0 global_irq 2 dfl dfl)
[    0.000000] ACPI: INT_SRC_OVR (bus 0 bus_irq 9 global_irq 9 low level)
[    0.000000] Using ACPI (MADT) for SMP configuration information
[    0.000000] smpboot: Allowing 2 CPUs, 0 hotplug CPUs
[    0.000000] PM: Registered nosave memory: [mem 0x00000000-0x00000fff]
[    0.000000] PM: Registered nosave memory: [mem 0x0009f000-0x0009ffff]
[    0.000000] PM: Registered nosave memory: [mem 0x000a0000-0x000effff]
[    0.000000] PM: Registered nosave memory: [mem 0x000f0000-0x000fffff]
[    0.000000] e820: [mem 0x80000000-0xfebfffff] available for PCI devices
[    0.000000] Booting paravirtualized kernel on KVM
[    0.000000] clocksource: refined-jiffies: mask: 0xffffffff max_cycles: 0xffffffff, max_idle_ns: 7645519600211568 ns
[    0.000000] setup_percpu: NR_CPUS:8192 nr_cpumask_bits:2 nr_cpu_ids:2 nr_node_ids:1
[    0.000000] percpu: Embedded 50 pages/cpu s167936 r8192 d28672 u1048576
[    0.000000] PV qspinlock hash table entries: 256 (order: 0, 4096 bytes)
[    0.000000] Built 1 zonelists, mobility grouping on.  Total pages: 515961
[    0.000000] Policy zone: DMA32
[    0.000000] Kernel command line: BOOT_IMAGE=/boot/vmlinuz-4.15.0-212-generic root=LABEL=cloudimg-rootfs ro console=tty1 console=ttyS0
[    0.000000] Memory: 2014836K/2096696K available (12300K kernel code, 2477K rwdata, 4324K rodata, 2480K init, 2720K bss, 81860K reserved, 0K cma-reserved)
[    0.000000] SLUB: HWalign=64, Order=0-3, MinObjects=0, CPUs=2, Nodes=1
[    0.000000] ftrace: allocating 39508 entries in 155 pages
[    0.004000] Hierarchical RCU implementation.
[    0.004000] 	RCU restricting CPUs from NR_CPUS=8192 to nr_cpu_ids=2.
[    0.004000] 	Tasks RCU enabled.
[    0.004000] RCU: Adjusting geometry for rcu_fanout_leaf=16, nr_cpu_ids=2
[    0.004000] NR_IRQS: 524544, nr_irqs: 440, preallocated irqs: 16
[    0.004000] random: crng init done
[    0.004000] Console: colour VGA+ 80x25
[    0.004000] console [tty1] enabled
[    0.004000] console [ttyS0] enabled
[    0.004000] ACPI: Core revision 20170831
[    0.004000] ACPI: 2 ACPI AML tables successfully acquired and loaded
[    0.004000] APIC: Switch to symmetric I/O mode setup
[    0.008000] ..TIMER: vector=0x30 apic1=0 pin1=2 apic2=-1 pin2=-1
[    0.008014] tsc: Detected 2496.010 MHz processor
[    0.012024] Calibrating delay loop (skipped) preset value.. 4992.02 BogoMIPS (lpj=9984040)
[    0.016013] pid_max: default: 32768 minimum: 301
[    0.020154] Security Framework initialized
[    0.024012] Yama: becoming mindful.
[    0.028173] AppArmor: AppArmor initialized
[    0.044538] Dentry cache hash table entries: 262144 (order: 9, 2097152 bytes)
[    0.054401] Inode-cache hash table entries: 131072 (order: 8, 1048576 bytes)
[    0.056165] Mount-cache hash table entries: 4096 (order: 3, 32768 bytes)
[    0.060226] Mountpoint-cache hash table entries: 4096 (order: 3, 32768 bytes)
[    0.067514] Last level iTLB entries: 4KB 0, 2MB 0, 4MB 0
[    0.068011] Last level dTLB entries: 4KB 0, 2MB 0, 4MB 0, 1GB 0
[    0.072013] Spectre V1 : Mitigation: usercopy/swapgs barriers and __user pointer sanitization
[    0.076015] Spectre V2 : Mitigation: Enhanced IBRS
[    0.080011] Spectre V2 : Spectre v2 / SpectreRSB mitigation: Filling RSB on context switch
[    0.084012] Spectre V2 : Spectre v2 / PBRSB-eIBRS: Retire a single CALL on VMEXIT
[    0.088011] RETBleed: Mitigation: Enhanced IBRS
[    0.092008] Speculative Store Bypass: Vulnerable
[    0.096371] Freeing SMP alternatives memory: 36K
[    0.221463] APIC calibration not consistent with PM-Timer: 102ms instead of 100ms
[    0.224000] APIC delta adjusted to PM-Timer: 6411924 (6595046)
[    0.224572] smpboot: CPU0: 12th Gen Intel(R) Core(TM) i5-1235U (family: 0x6, model: 0x9a, stepping: 0x4)
[    0.228719] Performance Events: unsupported p6 CPU model 154 no PMU driver, software events only.
[    0.236029] Hierarchical SRCU implementation.
[    0.240794] NMI watchdog: Perf event create on CPU 0 failed with -2
[    0.244008] NMI watchdog: Perf NMI watchdog permanently disabled
[    0.248377] smp: Bringing up secondary CPUs ...
[    0.256186] x86: Booting SMP configuration:
[    0.260010] .... node  #0, CPUs:      #1
[    0.004000] kvm-clock: cpu 1, msr 0:7ff44041, secondary cpu clock
[    0.276000] TSC synchronization [CPU#0 -> CPU#1]:
[    0.276000] Measured 95714 cycles TSC warp between CPUs, turning off TSC clock.
[    0.276000] tsc: Marking TSC unstable due to check_tsc_sync_source failed
[    0.280331] smp: Brought up 1 node, 2 CPUs
[    0.284013] smpboot: Max logical packages: 1
[    0.288012] smpboot: Total of 2 processors activated (9984.04 BogoMIPS)
[    0.296153] devtmpfs: initialized
[    0.300210] x86/mm: Memory block size: 128MB
[    0.308782] evm: security.selinux
[    0.312007] evm: security.SMACK64
[    0.316006] evm: security.SMACK64EXEC
[    0.320009] evm: security.SMACK64TRANSMUTE
[    0.324008] evm: security.SMACK64MMAP
[    0.328004] evm: security.apparmor
[    0.332004] evm: security.ima
[    0.336006] evm: security.capability
[    0.344586] clocksource: jiffies: mask: 0xffffffff max_cycles: 0xffffffff, max_idle_ns: 7645041785100000 ns
[    0.348042] futex hash table entries: 512 (order: 3, 32768 bytes)
[    0.352328] pinctrl core: initialized pinctrl subsystem
[    0.356888] RTC time: 15:56:07, date: 10/28/24
[    0.365708] NET: Registered protocol family 16
[    0.368230] audit: initializing netlink subsys (disabled)
[    0.372361] audit: type=2000 audit(1730130972.382:1): state=initialized audit_enabled=0 res=1
[    0.396021] cpuidle: using governor ladder
[    0.400025] cpuidle: using governor menu
[    0.404086] ACPI: bus type PCI registered
[    0.408011] acpiphp: ACPI Hot Plug PCI Controller Driver version: 0.5
[    0.412836] PCI: Using configuration type 1 for base access
[    0.424807] HugeTLB registered 2.00 MiB page size, pre-allocated 0 pages
[    0.436441] ACPI: Added _OSI(Module Device)
[    0.440011] ACPI: Added _OSI(Processor Device)
[    0.444009] ACPI: Added _OSI(3.0 _SCP Extensions)
[    0.448010] ACPI: Added _OSI(Processor Aggregator Device)
[    0.452011] ACPI: Added _OSI(Linux-Dell-Video)
[    0.456015] ACPI: Added _OSI(Linux-Lenovo-NV-HDMI-Audio)
[    0.460018] ACPI: Added _OSI(Linux-HPI-Hybrid-Graphics)
[    0.465176] ACPI: Executed 1 blocks of module-level executable AML code
[    0.483383] ACPI: Interpreter enabled
[    0.484057] ACPI: (supports S0 S5)
[    0.488019] ACPI: Using IOAPIC for interrupt routing
[    0.492804] PCI: Using host bridge windows from ACPI; if necessary, use "pci=nocrs" and report a bug
[    0.496576] ACPI: Enabled 2 GPEs in block 00 to 07
[    0.518455] ACPI: PCI Root Bridge [PCI0] (domain 0000 [bus 00-ff])
[    0.520025] acpi PNP0A03:00: _OSC: OS supports [ASPM ClockPM Segments MSI]
[    0.525294] acpi PNP0A03:00: _OSC: not requesting OS control; OS requires [ExtendedConfig ASPM ClockPM MSI]
[    0.528036] acpi PNP0A03:00: fail to add MMCONFIG information, can't access extended PCI configuration space under this bridge.
[    0.533586] PCI host bridge to bus 0000:00
[    0.536013] pci_bus 0000:00: root bus resource [io  0x0000-0x0cf7 window]
[    0.540013] pci_bus 0000:00: root bus resource [io  0x0d00-0xffff window]
[    0.544021] pci_bus 0000:00: root bus resource [mem 0x000a0000-0x000bffff window]
[    0.548020] pci_bus 0000:00: root bus resource [mem 0x80000000-0xfdffffff window]
[    0.552010] pci_bus 0000:00: root bus resource [bus 00-ff]
[    0.567641] pci 0000:00:01.1: legacy IDE quirk: reg 0x10: [io  0x01f0-0x01f7]
[    0.568010] pci 0000:00:01.1: legacy IDE quirk: reg 0x14: [io  0x03f6]
[    0.572013] pci 0000:00:01.1: legacy IDE quirk: reg 0x18: [io  0x0170-0x0177]
[    0.576007] pci 0000:00:01.1: legacy IDE quirk: reg 0x1c: [io  0x0376]
[    0.622897] pci 0000:00:07.0: quirk: [io  0x4000-0x403f] claimed by PIIX4 ACPI
[    0.624081] pci 0000:00:07.0: quirk: [io  0x4100-0x410f] claimed by PIIX4 SMB
[    0.648098] ACPI: PCI Interrupt Link [LNKA] (IRQs 5 9 10 *11)
[    0.652776] ACPI: PCI Interrupt Link [LNKB] (IRQs 5 9 *10 11)
[    0.656352] ACPI: PCI Interrupt Link [LNKC] (IRQs 5 *9 10 11)
[    0.660367] ACPI: PCI Interrupt Link [LNKD] (IRQs 5 9 10 *11)
[    0.665384] SCSI subsystem initialized
[    0.668386] pci 0000:00:02.0: vgaarb: setting as boot VGA device
[    0.672000] pci 0000:00:02.0: vgaarb: VGA device added: decodes=io+mem,owns=io+mem,locks=none
[    0.672017] pci 0000:00:02.0: vgaarb: bridge control possible
[    0.676008] vgaarb: loaded
[    0.680161] ACPI: bus type USB registered
[    0.684040] usbcore: registered new interface driver usbfs
[    0.688094] usbcore: registered new interface driver hub
[    0.692080] usbcore: registered new device driver usb
[    0.696394] EDAC MC: Ver: 3.0.0
[    0.704242] PCI: Using ACPI for IRQ routing
[    0.712376] NetLabel: Initializing
[    0.716014] NetLabel:  domain hash size = 128
[    0.720007] NetLabel:  protocols = UNLABELED CIPSOv4 CALIPSO
[    0.724277] NetLabel:  unlabeled traffic allowed by default
[    0.732016] clocksource: Switched to clocksource kvm-clock
[    0.778319] VFS: Disk quotas dquot_6.6.0
[    0.778319] VFS: Dquot-cache hash table entries: 512 (order 0, 4096 bytes)
[    0.778319] AppArmor: AppArmor Filesystem Enabled
[    0.778319] pnp: PnP ACPI init
[    0.778319] pnp: PnP ACPI: found 3 devices
[    0.983276] clocksource: acpi_pm: mask: 0xffffff max_cycles: 0xffffff, max_idle_ns: 2085701024 ns
[    0.984621] NET: Registered protocol family 2
[    0.984621] IP idents hash table entries: 32768 (order: 6, 262144 bytes)
[    1.013374] TCP established hash table entries: 16384 (order: 5, 131072 bytes)
[    1.025813] TCP bind hash table entries: 16384 (order: 6, 262144 bytes)
[    1.038299] TCP: Hash tables configured (established 16384 bind 16384)
[    1.040898] UDP hash table entries: 1024 (order: 3, 32768 bytes)
[    1.040898] UDP-Lite hash table entries: 1024 (order: 3, 32768 bytes)
[    1.040898] NET: Registered protocol family 1
[    1.040898] pci 0000:00:00.0: Limiting direct PCI/PCI transfers
[    1.040898] pci 0000:00:01.0: Activating ISA DMA hang workarounds
[    1.040898] pci 0000:00:02.0: Video device with shadowed ROM at [mem 0x000c0000-0x000dffff]
[    1.040898] Unpacking initramfs...
[    2.205873] Freeing initrd memory: 19528K
[    2.212666] clocksource: tsc: mask: 0xffffffffffffffff max_cycles: 0x23fa80a809f, max_idle_ns: 440795273818 ns
[    2.229396] platform rtc_cmos: registered platform RTC device (no PNP device found)
[    2.240798] Scanning for low memory corruption every 60 seconds
[    2.254674] Initialise system trusted keyrings
[    2.262661] Key type blacklist registered
[    2.271482] workingset: timestamp_bits=36 max_order=19 bucket_order=0
[    2.288074] zbud: loaded
[    2.293115] squashfs: version 4.0 (2009/01/31) Phillip Lougher
[    2.302045] fuse init (API version 7.26)
[    2.331067] Key type asymmetric registered
[    2.338079] Asymmetric key parser 'x509' registered
[    2.349987] Block layer SCSI generic (bsg) driver version 0.4 loaded (major 246)
[    2.377330] io scheduler noop registered
[    2.393550] io scheduler deadline registered
[    2.402028] io scheduler cfq registered (default)
[    2.417944] ACPI: AC Adapter [AC] (off-line)
[    2.426201] input: Power Button as /devices/LNXSYSTM:00/LNXPWRBN:00/input/input0
[    2.440562] ACPI: Power Button [PWRF]
[    2.446934] input: Sleep Button as /devices/LNXSYSTM:00/LNXSLPBN:00/input/input1
[    2.450478] ACPI: Sleep Button [SLPF]
[    2.468306] ACPI: Battery Slot [BAT0] (battery present)
[    2.469234] Serial: 8250/16550 driver, 32 ports, IRQ sharing enabled
[    2.513538] 00:02: ttyS0 at I/O 0x3f8 (irq = 4, base_baud = 115200) is a 16550A
[    2.558223] Linux agpgart interface v0.103
[    2.582513] loop: module loaded
[    2.593782] scsi host0: ata_piix
[    2.601502] scsi host1: ata_piix
[    2.605376] ata1: PATA max UDMA/33 cmd 0x1f0 ctl 0x3f6 bmdma 0xd000 irq 14
[    2.617127] ata2: PATA max UDMA/33 cmd 0x170 ctl 0x376 bmdma 0xd008 irq 15
[    2.631041] tun: Universal TUN/TAP device driver, 1.6
[    2.639233] PPP generic driver version 2.4.2
[    2.646246] ehci_hcd: USB 2.0 'Enhanced' Host Controller (EHCI) Driver
[    2.656731] ehci-pci: EHCI PCI platform driver
[    2.663496] ehci-platform: EHCI generic platform driver
[    2.672720] ohci_hcd: USB 1.1 'Open' Host Controller (OHCI) Driver
[    2.690077] ohci-pci: OHCI PCI platform driver
[    2.709134] ohci-platform: OHCI generic platform driver
[    2.720801] uhci_hcd: USB Universal Host Controller Interface driver
[    2.732506] i8042: PNP: PS/2 Controller [PNP0303:PS2K,PNP0f03:PS2M] at 0x60,0x64 irq 1,12
[    2.759438] serio: i8042 KBD port at 0x60,0x64 irq 1
[    2.782361] serio: i8042 AUX port at 0x60,0x64 irq 12
[    2.799235] mousedev: PS/2 mouse device common for all mice
[    2.910383] rtc_cmos rtc_cmos: rtc core: registered rtc_cmos as rtc0
[    2.921470] rtc_cmos rtc_cmos: alarms up to one day, 114 bytes nvram
[    2.934572] i2c /dev entries driver
[    2.941820] input: AT Translated Set 2 keyboard as /devices/platform/i8042/serio0/input/input2
[    2.953990] device-mapper: uevent: version 1.0.3
[    2.964099] device-mapper: ioctl: 4.37.0-ioctl (2017-09-20) initialised: dm-devel@redhat.com
[    2.984971] ledtrig-cpu: registered to indicate activity on CPUs
[    3.002962] NET: Registered protocol family 10
[    3.031343] Segment Routing with IPv6
[    3.036563] NET: Registered protocol family 17
[    3.044072] Key type dns_resolver registered
[    3.052767] mce: Using 0 MCE banks
[    3.059106] RAS: Correctable Errors collector initialized.
[    3.070636] sched_clock: Marking stable (3070318377, 0)->(4781240422, -1710922045)
[    3.087525] registered taskstats version 1
[    3.095131] Loading compiled-in X.509 certificates
[    3.110158] Loaded X.509 cert 'Build time autogenerated kernel key: b5b26778eaa3ab3a4a6cee031137706e947d12ad'
[    3.125560] Loaded X.509 cert 'Canonical Ltd. Live Patch Signing: 14df34d1a87cf37625abec039ef2bf521249b969'
[    3.141645] Loaded X.509 cert 'Canonical Ltd. Kernel Module Signing: 88f752e560a1e0737e31163a466ad7b70a850c19'
[    3.155629] blacklist: Loading compiled-in revocation X.509 certificates
[    3.165920] Loaded X.509 cert 'Canonical Ltd. Secure Boot Signing: 61482aa2830d0ab2ad5af10b7250da9033ddcef0'
[    3.180750] Loaded X.509 cert 'Canonical Ltd. Secure Boot Signing (2017): 242ade75ac4a15e50d50c84b0d45ff3eae707a03'
[    3.197049] Loaded X.509 cert 'Canonical Ltd. Secure Boot Signing (ESM 2018): 365188c1d374d6b07c3c8f240f8ef722433d6a8b'
[    3.211929] Loaded X.509 cert 'Canonical Ltd. Secure Boot Signing (2019): c0746fd6c5da3ae827864651ad66ae47fe24b3e8'
[    3.225927] Loaded X.509 cert 'Canonical Ltd. Secure Boot Signing (2021 v1): a8d54bbb3825cfb94fa13c9f8a594a195c107b8d'
[    3.239668] Loaded X.509 cert 'Canonical Ltd. Secure Boot Signing (2021 v2): 4cf046892d6fd3c9a5b03f98d845f90851dc6a8c'
[    3.253988] Loaded X.509 cert 'Canonical Ltd. Secure Boot Signing (2021 v3): 100437bb6de6e469b581e61cd66bce3ef4ed53af'
[    3.267550] Loaded X.509 cert 'Canonical Ltd. Secure Boot Signing (Ubuntu Core 2019): c1d57b8f6b743f23ee41f4f7ee292f06eecadfb9'
[    3.283600] zswap: loaded using pool lzo/zbud
[    3.307827] Key type big_key registered
[    3.316385] Key type trusted registered
[    3.330427] Key type encrypted registered
[    3.338048] AppArmor: AppArmor sha1 policy hashing enabled
[    3.345274] ima: No TPM chip found, activating TPM-bypass! (rc=-19)
[    3.354876] ima: Allocated hash algorithm: sha1
[    3.360890] evm: HMAC attrs: 0x1
[    3.366908]   Magic number: 12:611:943
[    3.373869] tty tty0: hash matches
[    3.378730] tty console: hash matches
[    3.387351] rtc_cmos rtc_cmos: setting system clock to 2024-10-28 15:56:10 UTC (1730130970)
[    3.397368] BIOS EDD facility v0.16 2004-Jun-25, 0 devices found
[    3.403140] EDD information not available.
[    3.418378] Freeing unused kernel image memory: 2480K
[    3.452497] Write protecting the kernel read-only data: 20480k
[    3.469514] Freeing unused kernel image memory: 2008K
[    3.479856] Freeing unused kernel image memory: 1820K
[    3.498168] x86/mm: Checked W+X mappings: passed, no W+X pages found.
Loading, please wait...
starting version 237
[    3.673476] e1000: Intel(R) PRO/1000 Network Driver - version 7.3.21-k8-NAPI
[    3.699411] e1000: Copyright (c) 1999-2006 Intel Corporation.
[    3.805771] SSE version of gcm_enc/dec engaged.
[    3.817295] Fusion MPT base driver 3.04.20
[    3.824039] Copyright (c) 1999-2008 LSI Corporation
[    3.885051] Fusion MPT SPI Host driver 3.04.20
[    4.053502] input: ImExPS/2 Generic Explorer Mouse as /devices/platform/i8042/serio1/input/input4
[    4.865645] e1000 0000:00:03.0 eth0: (PCI:33MHz:32-bit) 02:3b:7b:b7:3b:2d
[    4.877082] e1000 0000:00:03.0 eth0: Intel(R) PRO/1000 Network Connection
[    5.799234] e1000 0000:00:08.0 eth1: (PCI:33MHz:32-bit) 08:00:27:c5:91:32
[    5.811105] e1000 0000:00:08.0 eth1: Intel(R) PRO/1000 Network Connection
[    5.828608] e1000 0000:00:08.0 enp0s8: renamed from eth1
[    5.828840] mptbase: ioc0: Initiating bringup
[    5.886351] e1000 0000:00:03.0 enp0s3: renamed from eth0
[    5.977518] ioc0: LSI53C1030 A0: Capabilities={Initiator}
[    6.247560] scsi host2: ioc0: LSI53C1030 A0, FwRev=00000000h, Ports=1, MaxQ=256, IRQ=20
[    6.433579] scsi 2:0:0:0: Direct-Access     VBOX     HARDDISK         1.0  PQ: 0 ANSI: 5
[    6.603235] scsi target2:0:0: Beginning Domain Validation
[    6.618536] scsi target2:0:0: Domain Validation skipping write tests
[    6.628393] scsi target2:0:0: Ending Domain Validation
[    6.636296] scsi target2:0:0: asynchronous
[    6.647708] scsi 2:0:1:0: Direct-Access     VBOX     HARDDISK         1.0  PQ: 0 ANSI: 5
[    6.943475] scsi target2:0:1: Beginning Domain Validation
[    6.961785] scsi target2:0:1: Domain Validation skipping write tests
[    6.970293] scsi target2:0:1: Ending Domain Validation
[    6.977067] scsi target2:0:1: asynchronous
[    6.997836] sd 2:0:0:0: Attached scsi generic sg0 type 0
[    7.006154] sd 2:0:0:0: [sda] 83886080 512-byte logical blocks: (42.9 GB/40.0 GiB)
[    7.021066] sd 2:0:1:0: Attached scsi generic sg1 type 0
[    7.031036] sd 2:0:0:0: [sda] Write Protect is off
[    7.043663] sd 2:0:1:0: [sdb] 20480 512-byte logical blocks: (10.5 MB/10.0 MiB)
[    7.044926] sd 2:0:0:0: [sda] Incomplete mode parameter data
[    7.064267] sd 2:0:0:0: [sda] Assuming drive cache: write through
[    7.074891] sd 2:0:1:0: [sdb] Write Protect is off
[    7.088158] sd 2:0:1:0: [sdb] Incomplete mode parameter data
[    7.097357] sd 2:0:1:0: [sdb] Assuming drive cache: write through
[    7.101830]  sda: sda1
[    7.115156] sd 2:0:0:0: [sda] Attached SCSI disk
[    7.130375] sd 2:0:1:0: [sdb] Attached SCSI disk
Begin: Loading essential drivers ... [21737.270550] INFO: rcu_sched detected stalls on CPUs/tasks:
[21737.275356] raid6: sse2x1   gen() 20590278 MB/s
[21737.283715] 	1-...!: (4 ticks this GP) idle=6c6/140000000000000/0 softirq=1046/1046 fqs=2 
[21737.326914] 	(detected by 0, t=483893 jiffies, g=-40, c=-41, q=113)
[21737.363490] Sending NMI from CPU 0 to CPUs 1:
[21747.637239] rcu_sched kthread starved for 483887 jiffies! g18446744073709551576 c18446744073709551575 f0x0 RCU_GP_WAIT_FQS(3) ->state=0x402 ->cpu=0
[21747.644852] rcu_sched       I    0     8      2 0x80000000
[21747.647963] Call Trace:
[21747.649675]  __schedule+0x24e/0x890
[21747.652132]  schedule+0x2c/0x80
[21747.654820]  schedule_timeout+0x15d/0x370
[21747.657119]  ? __next_timer_interrupt+0xe0/0xe0
[21747.659486]  rcu_gp_kthread+0x53a/0x980
[21747.661533]  kthread+0x121/0x140
[21747.663314]  ? rcu_note_context_switch+0x150/0x150
[21747.665983]  ? kthread_create_worker_on_cpu+0x70/0x70
[21747.668405]  ret_from_fork+0x1f/0x40
[21747.670380] INFO: rcu_sched detected stalls on CPUs/tasks:
[21747.673005] 	1-...!: (980 ticks this GP) idle=6c6/140000000000000/0 softirq=1046/1046 fqs=2 
[21747.677170] 	(detected by 0, t=5434295 jiffies, g=-40, c=-41, q=113)
[21747.680541] Sending NMI from CPU 0 to CPUs 1:
[21747.683428] NMI backtrace for cpu 1
[21747.683429] CPU: 1 PID: 284 Comm: modprobe Not tainted 4.15.0-212-generic #223-Ubuntu
[21747.683430] Hardware name: innotek GmbH VirtualBox/VirtualBox, BIOS VirtualBox 12/01/2006
[21747.683430] RIP: 0010:raid6_sse21_xor_syndrome+0x74/0x100 [raid6_pq]
[21747.683430] RSP: 0018:ffffb78580557b50 EFLAGS: 00010297
[21747.683431] RAX: 000000000000000e RBX: 0000000000000008 RCX: ffffb78580557c18
[21747.683431] RDX: 000000000000000e RSI: 0000000000000f20 RDI: 0000000000000f20
[21747.683432] RBP: ffffb78580557b80 R08: ffff9901769e2f20 R09: ffffffffc01fc600
[21747.683432] R10: 0000000000000007 R11: ffffffffc01ef260 R12: ffffb78580557ba0
[21747.683432] R13: 0000000000001000 R14: ffff9901769e2000 R15: ffff9901769e3000
[21747.683433] FS:  00007f6bf082e540(0000) GS:ffff9901bfd00000(0000) knlGS:0000000000000000
[21747.683433] CS:  0010 DS: 0000 ES: 0000 CR0: 0000000080050033
[21747.683433] CR2: 00007f6bf0826d00 CR3: 0000000036ade001 CR4: 00000000000206e0
[21747.683434] Call Trace:
[21747.683434]  init_module+0x1cb/0x1000 [raid6_pq]
[21747.683434]  ? 0xffffffffc0121000
[21747.683435]  do_one_initcall+0x52/0x1b0
[21747.683435]  ? __vunmap+0xb5/0xe0
[21747.683435]  ? _cond_resched+0x19/0x40
[21747.683435]  ? kmem_cache_alloc_trace+0x167/0x1d0
[21747.683436]  ? do_init_module+0x27/0x1f2
[21747.683436]  do_init_module+0x4f/0x1f2
[21747.683436]  load_module+0x1aa7/0x1fd0
[21747.683437]  ? ima_post_read_file+0x96/0xa0
[21747.683437]  SYSC_finit_module+0xfc/0x120
[21747.683437]  ? SYSC_finit_module+0xfc/0x120
[21747.683438]  SyS_finit_module+0xe/0x10
[21747.683438]  do_syscall_64+0x73/0x130
[21747.683438]  entry_SYSCALL_64_after_hwframe+0x59/0xbe
[21747.683439] RIP: 0033:0x7f6bf0331539
[21747.683439] RSP: 002b:00007ffc592eae38 EFLAGS: 00000246 ORIG_RAX: 0000000000000139
[21747.683440] RAX: ffffffffffffffda RBX: 000055f864158880 RCX: 00007f6bf0331539
[21747.683440] RDX: 0000000000000000 RSI: 000055f86234bcee RDI: 0000000000000004
[21747.683440] RBP: 000055f86234bcee R08: 0000000000000000 R09: 000055f864157e00
[21747.683441] R10: 0000000000000004 R11: 0000000000000246 R12: 0000000000000000
[21747.683441] R13: 000055f864158830 R14: 0000000000060000 R15: 000055f864157e00
[21747.683441] Code: 53 ff 31 f6 31 ff 48 89 c2 49 8d 0c c4 83 ea 01 48 8b 01 66 0f 6f 24 38 4d 8d 04 3e 66 41 0f 6f 10 66 0f ef d4 39 d3 7f 32 89 d0 <66> 0f ef ed 66 0f 64 ec 66 0f fc e4 66 0f db e8 66 0f ef e5 4c 
[21747.683890] rcu_sched kthread starved for 5434289 jiffies! g18446744073709551576 c18446744073709551575 f0x2 RCU_GP_WAIT_FQS(3) ->state=0x0 ->cpu=0
[21747.809821] rcu_sched       R  running task        0     8      2 0x80000000
[21747.813412] Call Trace:
[21747.814787]  __schedule+0x24e/0x890
[21747.816654]  schedule+0x2c/0x80
[21747.818366]  schedule_timeout+0x15d/0x370
[21747.820390]  ? __next_timer_interrupt+0xe0/0xe0
[21747.822632]  rcu_gp_kthread+0x53a/0x980
[21747.824538]  kthread+0x121/0x140
[21747.826173]  ? rcu_note_context_switch+0x150/0x150
[21747.828538]  ? kthread_create_worker_on_cpu+0x70/0x70
[21747.830977]  ret_from_fork+0x1f/0x40
[21747.832845] raid6: sse2x1   xor() 41488 MB/s
[21747.884836] raid6: sse2x2   gen() 21468 MB/s
[21747.937521] raid6: sse2x2   xor() 13682 MB/s
[21747.989711] raid6: sse2x4   gen() 23535 MB/s
[21748.052449] raid6: sse2x4   xor() 13613 MB/s
[21748.055245] raid6: using algorithm sse2x1 gen() 20590278 MB/s
[21748.059439] raid6: .... xor() 41488 MB/s, rmw enabled
[21748.062758] raid6: using ssse3x2 recovery algorithm
[21748.069137] xor: measuring software checksum speed
[21748.108161]    prefetch64-sse: 28192.000 MB/sec
[21748.152179]    generic_sse: 26803.000 MB/sec
[21748.157295] xor: using function: prefetch64-sse (28192.000 MB/sec)
[21748.164080] async_tx: api initialized (async)
done.
Begin: Running /scripts/init-premount ... done.
Begin: Mounting root file system ... Begin: Running /scripts/local-top ... done.
Begin: Running /scripts/local-premount ... [21748.212945] Btrfs loaded, crc32c=crc32c-intel
Scanning for Btrfs filesystems
done.
Warning: fsck not present, so skipping root file system
[21748.287619] EXT4-fs (sda1): mounted filesystem with ordered data mode. Opts: (null)
done.
Begin: Running /scripts/local-bottom ... done.
Begin: Running /scripts/init-bottom ... done.
[21748.548268] ip_tables: (C) 2000-2006 Netfilter Core Team
[21748.568861] systemd[1]: systemd 237 running in system mode. (+PAM +AUDIT +SELINUX +IMA +APPARMOR +SMACK +SYSVINIT +UTMP +LIBCRYPTSETUP +GCRYPT +GNUTLS +ACL +XZ +LZ4 +SECCOMP +BLKID +ELFUTILS +KMOD -IDN2 +IDN -PCRE2 default-hierarchy=hybrid)
[21748.580487] systemd[1]: Detected virtualization oracle.
[21748.583414] systemd[1]: Detected architecture x86-64.

Welcome to [1mUbuntu 18.04.6 LTS[0m!

[21748.614314] systemd[1]: Set hostname to <ubuntu>.
[21748.626704] systemd[1]: Initializing machine ID from random generator.
[21748.631183] systemd[1]: Installed transient /etc/machine-id file.
[21749.003357] systemd[1]: Created slice User and Session Slice.
[[0;32m  OK  [0m] Created slice User and Session Slice.
[21749.009817] systemd[1]: Reached target User and Group Name Lookups.
[[0;32m  OK  [0m] Reached target User and Group Name Lookups.
[21749.016731] systemd[1]: Reached target Mounting snaps.
[[0;32m  OK  [0m] Reached target Mounting snaps.
[21749.021572] systemd[1]: Started Forward Password Requests to Wall Directory Watch.
[[0;32m  OK  [0m] Started Forward Password Requests to Wall Directory Watch.
[[0;32m  OK  [0m] Created slice System Slice.
[[0;32m  OK  [0m] Listening on udev Kernel Socket.
[[0;32m  OK  [0m] Listening on Device-mapper event daemon FIFOs.
[[0;32m  OK  [0m] Listening on Journal Socket.
         Mounting Huge Pages File System...
         Starting Load Kernel Modules...
[[0;32m  OK  [0m] Listening on Network Service Netlink Socket.
[[0;32m  OK  [0m] Listening on LVM2 metadata daemon socket.
[[0;32m  OK  [0m] Listening on fsck to fsckd communication Socket.
[[0;32m  OK  [0m] Listening on LVM2 poll daemon socket.
[21749.069499] Loading iSCSI transport class v2.0-870.
         Starting File System Check on Root Device...
[[0;32m  OK  [0m] Listening on udev Control Socket.
[[0;32m  OK  [0m] Listening on /dev/initctl Compatibility Named Pipe.
         Mounting Kernel Debug File System...
[21749.086222] iscsi: registered transport (tcp)
[[0;32m  OK  [0m] Listening on Journal Socket (/dev/log).
[[0;32m  OK  [0m] Reached target Swap.
[[0;32m  OK  [0m] Set up automount Arbitrary Executab…rmats File System Automount Point.
[21749.114913] iscsi: registered transport (iser)
         Starting udev Coldplug all Devices...
[[0;32m  OK  [0m] Created slice system-serial\x2dgetty.slice.
         Starting Uncomplicated firewall...
[[0;32m  OK  [0m] Reached target System Time Synchronized.
[[0;32m  OK  [0m] Listening on Syslog Socket.
         Starting Create list of required st…ce nodes for the current kernel...
         Mounting POSIX Message Queue File System...
[[0;32m  OK  [0m] Reached target Slices.
         Starting Monitoring of LVM2 mirrors…ng dmeventd or progress polling...
         Starting Set the console keyboard layout...
[[0;32m  OK  [0m] Listening on Journal Audit Socket.
         Starting Journal Service...
[[0;32m  OK  [0m] Reached target Mounted snaps.
[[0;32m  OK  [0m] Mounted Huge Pages File System.
[[0;32m  OK  [0m] Started Load Kernel Modules.
[[0;32m  OK  [0m] Started File System Check on Root Device.
[[0;32m  OK  [0m] Mounted Kernel Debug File System.
[[0;32m  OK  [0m] Started Uncomplicated firewall.
[[0;32m  OK  [0m] Started Create list of required sta…vice nodes for the current kernel.
[[0;32m  OK  [0m] Mounted POSIX Message Queue File System.
[[0;32m  OK  [0m] Started File System Check Daemon to report status.
         Starting Create Static Device Nodes in /dev...
         Starting Remount Root and Kernel File Systems...
         Mounting FUSE Control File System...
         Starting Apply Kernel Variables...
         Mounting Kernel Configuration File System...
[[0;32m  OK  [0m] Mounted FUSE Control File System.
[[0;32m  OK  [0m] Mounted Kernel Configuration File System.
[[0;32m  OK  [0m] Started LVM2 metadata daemon.
[[0;32m  OK  [0m] Started udev Coldplug all Devices.
[[0;32m  OK  [0m] Started Create Static Device Nodes in /dev.
[[0;32m  OK  [0m] Started Journal Service.
[[0;32m  OK  [0m] Started Remount Root and Kernel File Systems.
         Starting udev Kernel Device Manager...
         Starting Load/Save Random Seed...
         Starting Flush Journal to Persistent Storage...
[[0;32m  OK  [0m] Started Monitoring of LVM2 mirrors,…sing dmeventd or progress polling.
[[0;32m  OK  [0m] Started Apply Kernel Variables.
[[0;32m  OK  [0m] Started Load/Save Random Seed.
[[0;32m  OK  [0m] Started udev Kernel Device Manager.
[[0;32m  OK  [0m] Started Flush Journal to Persistent Storage.
[[0;32m  OK  [0m] Found device /dev/ttyS0.
[[0;32m  OK  [0m] Listening on Load/Save RF Kill Switch Status /dev/rfkill Watch.
[[0;32m  OK  [0m] Started Set the console keyboard layout.
         Mounting Arbitrary Executable File Formats File System...
[[0;32m  OK  [0m] Started Dispatch Password Requests to Console Directory Watch.
[[0;32m  OK  [0m] Reached target Local Encrypted Volumes.
[[0;32m  OK  [0m] Reached target Local File Systems (Pre).
[[0;32m  OK  [0m] Reached target Local File Systems.
         Starting Tell Plymouth To Write Out Runtime Data...
         Starting Set console font and keymap...
         Starting ebtables ruleset management...
         Starting Create Volatile Files and Directories...
         Starting Commit a transient machine-id on disk...
         Starting AppArmor initialization...
[[0;32m  OK  [0m] Mounted Arbitrary Executable File Formats File System.
[[0;32m  OK  [0m] Started Tell Plymouth To Write Out Runtime Data.
[[0;32m  OK  [0m] Started Create Volatile Files and Directories.
         Starting Update UTMP about System Boot/Shutdown...
[[0;32m  OK  [0m] Started Update UTMP about System Boot/Shutdown.
[[0;32m  OK  [0m] Started Commit a transient machine-id on disk.
[[0;32m  OK  [0m] Started ebtables ruleset management.
[[0;32m  OK  [0m] Started AppArmor initialization.
         Starting Load AppArmor profiles managed internally by snapd...
         Starting Initial cloud-init job (pre-networking)...
[[0;32m  OK  [0m] Started Load AppArmor profiles managed internally by snapd.
[[0;32m  OK  [0m] Started Set console font and keymap.
[21752.694636] cloud-init[776]: Cloud-init v. 23.1.2-0ubuntu0~18.04.1 running 'init-local' at Mon, 28 Oct 2024 21:58:39 +0000. Up 21752.37 seconds.
[[0;32m  OK  [0m] Started Initial cloud-init job (pre-networking).
[[0;32m  OK  [0m] Reached target Network (Pre).
         Starting Network Service...
[[0;32m  OK  [0m] Started Network Service.
         Starting Network Name Resolution...
         Starting Wait for Network to be Configured...
[[0;32m  OK  [0m] Started Network Name Resolution.
[[0;32m  OK  [0m] Reached target Network.
[[0;32m  OK  [0m] Reached target Host and Network Name Lookups.
[[0;32m  OK  [0m] Started Wait for Network to be Configured.
         Starting Initial cloud-init job (metadata service crawler)...
[21754.749959] cloud-init[927]: Cloud-init v. 23.1.2-0ubuntu0~18.04.1 running 'init' at Mon, 28 Oct 2024 21:58:41 +0000. Up 21754.66 seconds.
[21754.752701] cloud-init[927]: ci-info: ++++++++++++++++++++++++++++++++++++++Net device info+++++++++++++++++++++++++++++++++++++++
[21754.754859] cloud-init[927]: ci-info: +--------+-------+----------------------------+---------------+--------+-------------------+
[21754.757341] cloud-init[927]: ci-info: | Device |   Up  |          Address           |      Mask     | Scope  |     Hw-Address    |
[21754.760186] cloud-init[927]: ci-info: +--------+-------+----------------------------+---------------+--------+-------------------+
[21754.762794] cloud-init[927]: ci-info: | enp0s3 |  True |         10.0.2.15          | 255.255.255.0 | global | 02:3b:7b:b7:3b:2d |
[21754.765297] cloud-init[927]: ci-info: | enp0s3 |  True | fe80::3b:7bff:feb7:3b2d/64 |       .       |  link  | 02:3b:7b:b7:3b:2d |
[21754.767466] cloud-init[927]: ci-info: | enp0s8 | False |             .              |       .       |   .    | 08:00:27:c5:91:32 |
[21754.769902] cloud-init[927]: ci-info: |   lo   |  True |         127.0.0.1          |   255.0.0.0   |  host  |         .         |
[21754.772265] cloud-init[927]: ci-info: |   lo   |  True |          ::1/128           |       .       |  host  |         .         |
[21754.774423] cloud-init[927]: ci-info: +--------+-------+----------------------------+---------------+--------+-------------------+
[21754.776651] cloud-init[927]: ci-info: ++++++++++++++++++++++++++++Route IPv4 info+++++++++++++++++++++++++++++
[21754.789862] cloud-init[927]: ci-info: +-------+-------------+----------+-----------------+-----------+-------+
[21754.800526] cloud-init[927]: ci-info: | Route | Destination | Gateway  |     Genmask     | Interface | Flags |
[21754.812903] cloud-init[927]: ci-info: +-------+-------------+----------+-----------------+-----------+-------+
[21754.816036] cloud-init[927]: ci-info: |   0   |   0.0.0.0   | 10.0.2.2 |     0.0.0.0     |   enp0s3  |   UG  |
[21754.820638] cloud-init[927]: ci-info: |   1   |   10.0.2.0  | 0.0.0.0  |  255.255.255.0  |   enp0s3  |   U   |
[21754.832604] cloud-init[927]: ci-info: |   2   |   10.0.2.2  | 0.0.0.0  | 255.255.255.255 |   enp0s3  |   UH  |
[21754.834632] cloud-init[927]: ci-info: +-------+-------------+----------+-----------------+-----------+-------+
[21754.848407] cloud-init[927]: ci-info: +++++++++++++++++++Route IPv6 info+++++++++++++++++++
[21754.850201] cloud-init[927]: ci-info: +-------+-------------+---------+-----------+-------+
[21754.853000] cloud-init[927]: ci-info: | Route | Destination | Gateway | Interface | Flags |
[21754.854691] cloud-init[927]: ci-info: +-------+-------------+---------+-----------+-------+
[21754.856808] cloud-init[927]: ci-info: |   1   |  fe80::/64  |    ::   |   enp0s3  |   U   |
[21754.858379] cloud-init[927]: ci-info: |   3   |    local    |    ::   |   enp0s3  |   U   |
[21754.868445] cloud-init[927]: ci-info: |   4   |   ff00::/8  |    ::   |   enp0s3  |   U   |
[21754.870582] cloud-init[927]: ci-info: +-------+-------------+---------+-----------+-------+
[21755.654892] cloud-init[927]: Generating public/private rsa key pair.
[21755.656389] cloud-init[927]: Your identification has been saved in /etc/ssh/ssh_host_rsa_key.
[21755.668489] cloud-init[927]: Your public key has been saved in /etc/ssh/ssh_host_rsa_key.pub.
[21755.670575] cloud-init[927]: The key fingerprint is:
[21755.671736] cloud-init[927]: SHA256:mCAEcDOvI54TdHkjxzidX9CmHJXyIYZqZdIFq3dpG4c root@ubuntu-bionic
[21755.673989] cloud-init[927]: The key's randomart image is:
[21755.675315] cloud-init[927]: +---[RSA 2048]----+
[21755.676316] cloud-init[927]: |+.= ..+oo..      |
[21755.688473] cloud-init[927]: | o ===o=.=       |
[21755.689531] cloud-init[927]: | ..*BOo B..      |
[21755.690440] cloud-init[927]: |. .=*.o=+.       |
[21755.691520] cloud-init[927]: |..+. .oES.       |
[21755.692748] cloud-init[927]: |..o.. o +        |
[21755.693719] cloud-init[927]: | +     .         |
[21755.694598] cloud-init[927]: |  .              |
[21755.695468] cloud-init[927]: |                 |
[21755.696430] cloud-init[927]: +----[SHA256]-----+
[21755.697660] cloud-init[927]: Generating public/private dsa key pair.
[[0;32m  OK  [0m] Started Initial cloud-init job (metadata service crawler).
[[0;32m  OK  [0m] Reached target System Initialization.
[[0;32m  OK  [0m] Started Message of the Day.
[21755.704913] cloud-init[927]: Your identification has been saved in /etc/ssh/ssh_host_dsa_key.
[21755.720204] cloud-init[927]: Your public key has been saved in /etc/ssh/ssh_host_dsa_key.pub.
[21755.721874] cloud-init[927]: The key fingerprint is:
[21755.732350] cloud-init[927]: SHA256:hgDNwFYTieYstY9lvqgbQusKngZOr80+j79G9hEFJBc root@ubuntu-bionic
[21755.734062] cloud-init[927]: The key's randomart image is:
[21755.735073] cloud-init[927]: +---[DSA 1024]----+
[[0;32m  OK  [0m] Started ACPI Events Check.
[[0;32m  OK  [0m] Listening on UUID daemon activation socket.
[[0;32m  OK  [0m] Started Daily apt download activities.
[[0;32m  OK  [0m] Reached target Paths.
[[0;32m  OK  [0m] Started Daily apt upgrade and clean activities.
[[0;32m  OK  [0m] Started Daily Cleanup of Temporary Directories.
[21755.746375] cloud-init[927]: | .o*++.Eo        |
[21755.755819] cloud-init[927]: |  *.+.o  .       |
[21755.756930] cloud-init[927]: | * ..   .        |
[21755.768311] cloud-init[927]: |. + o. o         |
[21755.780385] cloud-init[927]: | o *  . S        |
[21755.792494] cloud-init[927]: |o.o oo o         |
[21755.793539] cloud-init[927]: |B...o.. .        |
[[0;32m  OK  [0m] Started Discard unused blocks once a week.
[[0;32m  OK  [0m] Listening on Open-iSCSI iscsid Socket.
[21755.796605] cloud-init[927]: |=+=oo. .         |
         Starting LXD - unix socket.
[[0;32m  OK  [0m] Started Ubuntu Advantage Timer for running repeated jobs.
[[0;32m  OK  [0m] Reached target Timers.
[21755.824425] cloud-init         [927]: Starting Socket activation for snappy daemon.|*Bo==+.          |

[[0;32m  OK  [0m] Listening on cloud-init hotplug hook socket.
[[0;32m  OK  [0m] Listening on D-Bus System Message Bus Socket.
[[0;32m  OK  [0m] Listening on ACPID Listen Socket.
[[0;32m  OK  [0m] Reached target Network is Online.
[21755.830126] cloud-init         Starting Availability of block devices...
[[0;32m  OK  [0m] Reached target Remote File Systems (Pre).
[[0;32m  OK  [0m] Reached target Remote File Systems.
[[0;32m  OK  [0m] Reached target Cloud-config availability.
[[0;32m  OK  [0m] Listening on LXD - unix socket.
[[0;32m  OK  [0m] Listening on Socket activation for snappy daemon.
         Starting Cleanup of Temporary Directories...
[[0;32m  OK  [0m] Reached target Sockets.
[[0;32m  OK  [0m] Reached target Basic System.
         Starting LXD - container startup/shutdown...
[927]: +----[SHA256]-----+
[21755.856261] cloud-init[927]: Generating public/private ecdsa key pair.
[21755.868502] cloud-init[927]: Your identification has been saved in /etc/ssh/ssh_host_ecdsa_key.
[21755.870968] cloud-init[927]: Your public key has been saved in /etc/ssh/ssh_host_ecdsa_key.pub.
[21755.874434] cloud-init[927]: The key fingerprint is:
[21755.876678] cloud-init[927]: SHA256:o4r6cYh3G3/Q5c9UfyLDKoJ8Aq3EB7S4XkcCpI7WwzA root@ubuntu-bionic
[21755.879833] cloud-init[927]: The key's randomart image is:
[21755.894222] cloud-init[927]: +---[ECDSA 256]---+
[21755.896815] cloud-init[927]: |..               |
[21755.898740] cloud-init[927]: |...              |
[21755.917791] cloud-init[927]: |.E..             |
[21755.919531] cloud-init[927]: |+ B. .    .   .  |
[21755.936306] cloud-init[927]: |.= *o  .So . . . |
[21755.938222] cloud-init[927]: |o.+o+...... = . o|
[21755.941131] cloud-init[927]: |o.===...   = o ..|
[21755.943252] cloud-init[927]: | o.=+=o o . o    |
[21755.945855] cloud-init[927]: |.oo oo.o .       |
         Starting Snap Daemon...
[21755.966087] cloud-init[927]: +----[SHA256]-----+
[21755.971822] cloud-init[927]: Generating public/private ed25519 key pair.
[21755.975662] cloud-init[927]: Your identification has been saved in /etc/ssh/ssh_host_ed25519_key.
[21755.992276] cloud-init[927]: Your public key has been saved in /etc/ssh/ssh_host_ed25519_key.pub.
[21755.995925] cloud-init[927]: The key fingerprint is:
[21756.008234] cloud-init[927]: SHA256:UcBg9/2Y67bfs3hYaXclYRsVQ8BxT2nUYo0EGOCKnQA root@ubuntu-bionic
[21756.013025] cloud-init[927]: The key's randomart image is:
[21756.016399] cloud-init[927]: +--[ED25519 256]--+
[21756.019128] cloud-init[927]: |  E   oo+oooo=*X*|
[21756.022672] cloud-init[927]: |   . . o.o.. .O+=|
[21756.026945] cloud-init[927]: |    .   o . .o.=.|
[21756.031737] cloud-init[927]: |     + o .   +o .|
[21756.037110] cloud-init[927]: |    . + S   o ..o|
[21756.040905] cloud-init[927]: |             . +o|
[21756.044834] cloud-init[927]: |            . + o|
[21756.048380] cloud-init[927]: |           ....+ |
[21756.053162] cloud-init[927]: |           .o+o.+|
[21756.057661] cloud-init[927]: +----[SHA256]-----+
         Starting LSB: Record successful boot for GRUB...
[[0;32m  OK  [0m] Reached target Login Prompts (Pre).
         Starting Pollinate to seed the pseudo random number generator...
         Starting Accounts Service...
         Starting Virtualbox guest utils...
         Starting Permit User Sessions...
         Starting Dispatcher daemon for systemd-networkd...
         Starting Login Service...
[[0;32m  OK  [0m] Started Deferred execution scheduler.
[[0;32m  OK  [0m] Started Regular background program processing daemon.
         Starting System Logging Service...
         Starting LSB: automatic crash report generation...
[[0;32m  OK  [0m] Started irqbalance daemon.
[[0;32m  OK  [0m] Started D-Bus System Message Bus.
[[0;32m  OK  [0m] Started Login Service.
[[0;32m  OK  [0m] Started Unattended Upgrades Shutdown.
[[0;32m  OK  [0m] Started FUSE filesystem for LXC.
[[0;32m  OK  [0m] Started System Logging Service.
[[0;32m  OK  [0m] Started Availability of block devices.
[[0;32m  OK  [0m] Started Cleanup of Temporary Directories.
[[0;32m  OK  [0m] Started LXD - container startup/shutdown.
[[0;32m  OK  [0m] Started Permit User Sessions.
         Starting Hold until boot process finishes up...
         Starting Terminate Plymouth Boot Screen...
[[0;32m  OK  [0m] Started Hold until boot process finishes up.
         Starting Set console scheme...
[[0;32m  OK  [0m] Started Serial Getty on ttyS0.
[[0;32m  OK  [0m] Started Terminate Plymouth Boot Screen.
[[0;32m  OK  [0m] Started Dispatcher daemon for systemd-networkd.
[[0;32m  OK  [0m] Started LSB: automatic crash report generation.
[[0;32m  OK  [0m] Started Set console scheme.
[[0;32m  OK  [0m] Created slice system-getty.slice.
[[0;32m  OK  [0m] Started Getty on tty1.
[[0;32m  OK  [0m] Reached target Login Prompts.
         Starting Authorization Manager...
[[0;32m  OK  [0m] Started LSB: Record successful boot for GRUB.
[[0;32m  OK  [0m] Started Authorization Manager.
[[0;32m  OK  [0m] Started Accounts Service.
[[0;32m  OK  [0m] Started Virtualbox guest utils.
[[0;32m  OK  [0m] Started Snap Daemon.
         Starting Wait until snapd is fully seeded...
         Starting Time & Date Service...
[[0;32m  OK  [0m] Started Time & Date Service.
[[0;32m  OK  [0m] Started Pollinate to seed the pseudo random number generator.
         Starting OpenBSD Secure Shell server...
[[0;32m  OK  [0m] Started OpenBSD Secure Shell server.
[[0;32m  OK  [0m] Started Wait until snapd is fully seeded.
         Starting Apply the settings specified in cloud-config...
[21762.477063] cloud-init[1519]: Cloud-init v. 23.1.2-0ubuntu0~18.04.1 running 'modules:config' at Tue, 29 Oct 2024 10:59:49 +0000. Up 21761.94 seconds.

Ubuntu 18.04.6 LTS ubuntu-bionic ttyS0

ubuntu-bionic login: ci-info: no authorized SSH keys fingerprints found for user ubuntu.
<14>Oct 29 10:59:50 cloud-init: #############################################################
<14>Oct 29 10:59:50 cloud-init: -----BEGIN SSH HOST KEY FINGERPRINTS-----
<14>Oct 29 10:59:50 cloud-init: 1024 SHA256:hgDNwFYTieYstY9lvqgbQusKngZOr80+j79G9hEFJBc root@ubuntu-bionic (DSA)
<14>Oct 29 10:59:50 cloud-init: 256 SHA256:o4r6cYh3G3/Q5c9UfyLDKoJ8Aq3EB7S4XkcCpI7WwzA root@ubuntu-bionic (ECDSA)
<14>Oct 29 10:59:50 cloud-init: 256 SHA256:UcBg9/2Y67bfs3hYaXclYRsVQ8BxT2nUYo0EGOCKnQA root@ubuntu-bionic (ED25519)
<14>Oct 29 10:59:50 cloud-init: 2048 SHA256:mCAEcDOvI54TdHkjxzidX9CmHJXyIYZqZdIFq3dpG4c root@ubuntu-bionic (RSA)
<14>Oct 29 10:59:50 cloud-init: -----END SSH HOST KEY FINGERPRINTS-----
<14>Oct 29 10:59:50 cloud-init: #############################################################
-----BEGIN SSH HOST KEY KEYS-----
ecdsa-sha2-nistp256 AAAAE2VjZHNhLXNoYTItbmlzdHAyNTYAAAAIbmlzdHAyNTYAAABBBCjraY5zMfHQ5SfmqPBBWW7If4eQpNUAPyE/Q7J9+RG2r64GznrBrJ670yTR1OToBQ8k6pI0OCzoFQsJIT0tsjk= root@ubuntu-bionic
ssh-ed25519 AAAAC3NzaC1lZDI1NTE5AAAAIG8LhuBORUQiOr9V3sggTa1KxPML5Uh/jQBgU9P10BeM root@ubuntu-bionic
ssh-rsa AAAAB3NzaC1yc2EAAAADAQABAAABAQDvTeAGgAWeTKBD+2LCQQojpMTVoNjwNiI8vbi0TNDnzKgUUrX+iK3vEk2nMLchun/klPkNW1NibX+ABTgNyy6uTlbtDqA7xL+ISEWfQF2fIjcNg8SQ1uBPZq/WeDfmZ/DsGNnVaXd98FFtSlO8pPZLjZeDXmb2ODqbJiBY59cpe1bPTD4yVaSgL5J8hXLBTgFyWgOUqQ7sH6hUBanyvPOfwpRso9ixXPcE5nZRnXM0M3RbatOHZGYRWLUSLMfnUFiLKLJT8Dn02HRx/yAYEmtsJrX/qwXvbH5Bx+STJhn/IFycW9x9aKpgExhXtCpuSF5x8S7hIWZ43VKJageqq9Kr root@ubuntu-bionic
-----END SSH HOST KEY KEYS-----
[21762.985756] cloud-init[1595]: Cloud-init v. 23.1.2-0ubuntu0~18.04.1 running 'modules:final' at Tue, 29 Oct 2024 10:59:50 +0000. Up 21762.85 seconds.
[21762.985863] cloud-init[1595]: Cloud-init v. 23.1.2-0ubuntu0~18.04.1 finished at Tue, 29 Oct 2024 10:59:50 +0000. Datasource DataSourceNoCloud [seed=/dev/sdb][dsmode=net].  Up 21762.98 seconds
